::1 - - [15/Mar/2019:12:33:49 +0100] "GET /phpmyadmin HTTP/1.1" 301 241
::1 - - [15/Mar/2019:12:33:49 +0100] "GET /phpmyadmin/ HTTP/1.1" 200 7997
::1 - - [15/Mar/2019:12:33:49 +0100] "GET /phpmyadmin/ HTTP/1.1" 200 7997
::1 - - [15/Mar/2019:12:33:52 +0100] "GET /phpmyadmin/themes/pmahomme/jquery/jquery-ui-1.9.2.custom.css HTTP/1.1" 304 -
::1 - - [15/Mar/2019:12:33:52 +0100] "GET /phpmyadmin/themes/dot.gif HTTP/1.1" 304 -
::1 - - [15/Mar/2019:12:33:52 +0100] "GET /phpmyadmin/themes/pmahomme/img/logo_right.png HTTP/1.1" 304 -
::1 - - [15/Mar/2019:12:33:52 +0100] "GET /phpmyadmin/js/messages.php?lang=es&db=&server=0&token=57782216830438c5ad6fe1cee541ef34 HTTP/1.1" 200 18333
::1 - - [15/Mar/2019:12:33:52 +0100] "GET /phpmyadmin/js/get_scripts.js.php?scripts[]=jquery/jquery-1.8.3.js&scripts[]=ajax.js&scripts[]=keyhandler.js&scripts[]=jquery/jquery-ui-1.9.2.custom.js&scripts[]=jquery/jquery.sprintf.js&scripts[]=jquery/jquery.cookie.js&scripts[]=jquery/jquery.mousewheel.js&scripts[]=jquery/jquery.event.drag-2.2.js&scripts[]=jquery/jquery-ui-timepicker-addon.js&scripts[]=jquery/jquery.ba-hashchange-1.3.js&scripts[]=jquery/jquery.debounce-1.0.5.js&scripts[]=jquery/jquery.menuResizer-1.0.js&scripts[]=rte.js&scripts[]=functions.js&scripts[]=navigation.js&scripts[]=indexes.js&scripts[]=common.js&scripts[]=codemirror/lib/codemirror.js&scripts[]=codemirror/mode/mysql/mysql.js HTTP/1.1" 200 578562
::1 - - [15/Mar/2019:12:33:52 +0100] "GET /phpmyadmin/phpmyadmin.css.php?server=1&token=2bb9847c03f296a7da5c52dda3f319f1&nocache=4653284931ltr HTTP/1.1" 200 88608
::1 - - [15/Mar/2019:12:33:52 +0100] "GET /phpmyadmin/js/get_image.js.php?theme=pmahomme HTTP/1.1" 200 6263
::1 - - [15/Mar/2019:12:33:53 +0100] "GET /phpmyadmin/themes/pmahomme/img/sprites.png HTTP/1.1" 304 -
::1 - - [15/Mar/2019:12:33:54 +0100] "GET /phpmyadmin/favicon.ico HTTP/1.1" 304 -
::1 - - [15/Mar/2019:12:44:54 +0100] "POST /phpmyadmin/index.php HTTP/1.1" 302 -
::1 - - [15/Mar/2019:12:44:54 +0100] "GET /phpmyadmin/index.php?token=2bb9847c03f296a7da5c52dda3f319f1 HTTP/1.1" 200 48910
::1 - - [15/Mar/2019:12:44:55 +0100] "GET /phpmyadmin/themes/pmahomme/img/ajax_clock_small.gif HTTP/1.1" 304 -
::1 - - [15/Mar/2019:12:44:55 +0100] "GET /phpmyadmin/themes/pmahomme/img/logo_left.png HTTP/1.1" 304 -
::1 - - [15/Mar/2019:12:44:55 +0100] "GET /phpmyadmin/phpmyadmin.css.php?server=1&token=2bb9847c03f296a7da5c52dda3f319f1&nocache=6205935225ltr HTTP/1.1" 200 88608
::1 - - [15/Mar/2019:12:44:55 +0100] "GET /phpmyadmin/js/messages.php?lang=es&db=&server=0&token=2bb9847c03f296a7da5c52dda3f319f1 HTTP/1.1" 200 18333
::1 - - [15/Mar/2019:12:44:55 +0100] "GET /phpmyadmin/themes/pmahomme/img/left_nav_bg.png HTTP/1.1" 304 -
::1 - - [15/Mar/2019:12:44:55 +0100] "GET /phpmyadmin/version_check.php?&_nocache=1552650295815770089 HTTP/1.1" 200 39
::1 - - [15/Mar/2019:12:45:02 +0100] "GET /phpmyadmin/db_structure.php?server=1&db=ejercicio2&token=2bb9847c03f296a7da5c52dda3f319f1&ajax_request=true&ajax_page_request=true&menuHashes=792610f2&_nocache=1552650302315645563 HTTP/1.1" 200 12997
::1 - - [15/Mar/2019:12:45:03 +0100] "GET /phpmyadmin/themes/pmahomme/img/arrow_ltr.png HTTP/1.1" 304 -
::1 - - [15/Mar/2019:12:45:03 +0100] "GET /phpmyadmin/js/get_scripts.js.php?scripts[]=db_structure.js&scripts[]=tbl_change.js HTTP/1.1" 200 12382
::1 - - [15/Mar/2019:12:45:05 +0100] "GET /phpmyadmin/navigation.php?ajax_request=1&token=2bb9847c03f296a7da5c52dda3f319f1&aPath=cm9vdA%3D%3D.ZWplcmNpY2lvMg%3D%3D&vPath=cm9vdA%3D%3D.ZWplcmNpY2lvMg%3D%3D&pos=0&pos2_name=&pos2_value=&searchClause=&searchClause2=&_nocache=1552650305208947044 HTTP/1.1" 200 1361
::1 - - [15/Mar/2019:12:45:06 +0100] "GET /phpmyadmin/sql.php?server=1&db=ejercicio2&table=proyecto&pos=0&token=2bb9847c03f296a7da5c52dda3f319f1&ajax_request=true&ajax_page_request=true&menuHashes=792610f2-5f33d9cb&_nocache=1552650306661106130 HTTP/1.1" 200 19179
::1 - - [15/Mar/2019:12:45:07 +0100] "GET /phpmyadmin/js/get_scripts.js.php?scripts[]=tbl_structure.js&scripts[]=gis_data_editor.js&scripts[]=makegrid.js&scripts[]=sql.js HTTP/1.1" 200 50287
::1 - - [15/Mar/2019:12:45:07 +0100] "GET /phpmyadmin/themes/pmahomme/img/col_pointer.png HTTP/1.1" 304 -
::1 - - [15/Mar/2019:12:45:07 +0100] "GET /phpmyadmin/index.php?ajax_request=1&recent_table=1&token=2bb9847c03f296a7da5c52dda3f319f1 HTTP/1.1" 200 223
::1 - - [15/Mar/2019:12:45:36 +0100] "GET /phpmyadmin/index.php?token=2bb9847c03f296a7da5c52dda3f319f1 HTTP/1.1" 200 48984
::1 - - [15/Mar/2019:12:45:36 +0100] "GET /phpmyadmin/sql.php?db=ejercicio2&table=proyecto&server=1&target=&token=2bb9847c03f296a7da5c52dda3f319f1 HTTP/1.1" 200 26614
::1 - - [15/Mar/2019:12:45:37 +0100] "GET /phpmyadmin/js/get_scripts.js.php?scripts[]=jquery/jquery-1.8.3.js&scripts[]=ajax.js&scripts[]=keyhandler.js&scripts[]=jquery/jquery-ui-1.9.2.custom.js&scripts[]=jquery/jquery.sprintf.js&scripts[]=jquery/jquery.cookie.js&scripts[]=jquery/jquery.mousewheel.js&scripts[]=jquery/jquery.event.drag-2.2.js&scripts[]=jquery/jquery-ui-timepicker-addon.js&scripts[]=jquery/jquery.ba-hashchange-1.3.js&scripts[]=jquery/jquery.debounce-1.0.5.js&scripts[]=jquery/jquery.menuResizer-1.0.js&scripts[]=rte.js&scripts[]=functions.js&scripts[]=navigation.js&scripts[]=indexes.js&scripts[]=common.js&scripts[]=tbl_change.js&scripts[]=tbl_structure.js&scripts[]=gis_data_editor.js&scripts[]=makegrid.js&scripts[]=sql.js&scripts[]=codemirror/lib/codemirror.js&scripts[]=codemirror/mode/mysql/mysql.js HTTP/1.1" 200 635864
::1 - - [15/Mar/2019:12:45:37 +0100] "GET /phpmyadmin/js/messages.php?lang=es&db=ejercicio2&token=2bb9847c03f296a7da5c52dda3f319f1 HTTP/1.1" 200 18333
::1 - - [15/Mar/2019:12:45:37 +0100] "GET /phpmyadmin/index.php?ajax_request=1&recent_table=1&token=2bb9847c03f296a7da5c52dda3f319f1 HTTP/1.1" 200 223
::1 - - [15/Mar/2019:13:01:29 +0100] "GET /phpmyadmin/sql.php?db=ejercicio2&table=proyecto&server=1&target=&token=2bb9847c03f296a7da5c52dda3f319f1 HTTP/1.1" 200 26614
::1 - - [15/Mar/2019:13:01:29 +0100] "GET /phpmyadmin/sql.php?db=ejercicio2&table=proyecto&server=1&target=&token=2bb9847c03f296a7da5c52dda3f319f1 HTTP/1.1" 200 26614
::1 - - [15/Mar/2019:13:01:29 +0100] "GET /phpmyadmin/index.php?ajax_request=1&recent_table=1&token=2bb9847c03f296a7da5c52dda3f319f1 HTTP/1.1" 200 223
::1 - - [15/Mar/2019:13:30:24 +0100] "GET /phpmyadmin/sql.php?db=ejercicio2&table=proyecto&server=1&target=&token=2bb9847c03f296a7da5c52dda3f319f1 HTTP/1.1" 200 8296
::1 - - [15/Mar/2019:13:30:25 +0100] "GET /phpmyadmin/sql.php?db=ejercicio2&table=proyecto&server=1&target=&token=2bb9847c03f296a7da5c52dda3f319f1 HTTP/1.1" 200 8296
::1 - - [15/Mar/2019:13:30:27 +0100] "POST /phpmyadmin/index.php HTTP/1.1" 302 -
::1 - - [15/Mar/2019:13:30:27 +0100] "GET /phpmyadmin/index.php?db=ejercicio2&table=proyecto&target=sql.php&token=2bb9847c03f296a7da5c52dda3f319f1 HTTP/1.1" 200 26646
::1 - - [15/Mar/2019:13:30:28 +0100] "GET /phpmyadmin/js/messages.php?lang=es&db=ejercicio2&server=0&token=2bb9847c03f296a7da5c52dda3f319f1 HTTP/1.1" 200 18333
::1 - - [15/Mar/2019:13:30:28 +0100] "GET /phpmyadmin/index.php?ajax_request=1&recent_table=1&token=2bb9847c03f296a7da5c52dda3f319f1 HTTP/1.1" 200 223
