2019-03-08 00:03:58 12676 [Note] Plugin 'FEDERATED' is disabled.
2019-03-08 00:03:58 12676 [Note] InnoDB: The InnoDB memory heap is disabled
2019-03-08 00:03:58 12676 [Note] InnoDB: Mutexes and rw_locks use Windows interlocked functions
2019-03-08 00:03:58 12676 [Note] InnoDB: Compressed tables use zlib 1.2.3
2019-03-08 00:03:58 12676 [Note] InnoDB: Not using CPU crc32 instructions
2019-03-08 00:03:58 12676 [Note] InnoDB: Initializing buffer pool, size = 128.0M
2019-03-08 00:03:58 12676 [Note] InnoDB: Completed initialization of buffer pool
2019-03-08 00:03:59 12676 [Note] InnoDB: Highest supported file format is Barracuda.
2019-03-08 00:03:59 12676 [Note] InnoDB: The log sequence numbers 1626134 and 1626134 in ibdata files do not match the log sequence number 1643705 in the ib_logfiles!
2019-03-08 00:03:59 12676 [Note] InnoDB: Database was not shutdown normally!
2019-03-08 00:03:59 12676 [Note] InnoDB: Starting crash recovery.
2019-03-08 00:03:59 12676 [Note] InnoDB: Reading tablespace information from the .ibd files...
2019-03-08 00:03:59 12676 [Note] InnoDB: Restoring possible half-written data pages 
2019-03-08 00:03:59 12676 [Note] InnoDB: from the doublewrite buffer...
2019-03-08 00:03:59 12676 [Note] InnoDB: 128 rollback segment(s) are active.
2019-03-08 00:03:59 12676 [Note] InnoDB: Waiting for purge to start
2019-03-08 00:03:59 12676 [Note] InnoDB: 5.6.13 started; log sequence number 1643705
2019-03-08 00:03:59 12676 [Note] Server hostname (bind-address): '*'; port: 3307
2019-03-08 00:03:59 12676 [Note] IPv6 is available.
2019-03-08 00:03:59 12676 [Note]   - '::' resolves to '::';
2019-03-08 00:03:59 12676 [Note] Server socket created on IP: '::'.
2019-03-08 04:29:52 15084 [Note] Plugin 'FEDERATED' is disabled.
2019-03-08 04:29:52 15084 [Note] InnoDB: The InnoDB memory heap is disabled
2019-03-08 04:29:52 15084 [Note] InnoDB: Mutexes and rw_locks use Windows interlocked functions
2019-03-08 04:29:52 15084 [Note] InnoDB: Compressed tables use zlib 1.2.3
2019-03-08 04:29:52 15084 [Note] InnoDB: Not using CPU crc32 instructions
2019-03-08 04:29:52 15084 [Note] InnoDB: Initializing buffer pool, size = 128.0M
2019-03-08 04:29:52 15084 [Note] InnoDB: Completed initialization of buffer pool
2019-03-08 04:29:52 15084 [Note] InnoDB: Highest supported file format is Barracuda.
2019-03-08 04:29:52 15084 [Note] InnoDB: The log sequence numbers 1626134 and 1626134 in ibdata files do not match the log sequence number 1713958 in the ib_logfiles!
2019-03-08 04:29:52 15084 [Note] InnoDB: Database was not shutdown normally!
2019-03-08 04:29:52 15084 [Note] InnoDB: Starting crash recovery.
2019-03-08 04:29:52 15084 [Note] InnoDB: Reading tablespace information from the .ibd files...
2019-03-08 04:29:52 15084 [Note] InnoDB: Restoring possible half-written data pages 
2019-03-08 04:29:52 15084 [Note] InnoDB: from the doublewrite buffer...
2019-03-08 04:29:53 15084 [Note] InnoDB: 128 rollback segment(s) are active.
2019-03-08 04:29:53 15084 [Note] InnoDB: Waiting for purge to start
2019-03-08 04:29:53 15084 [Note] InnoDB: 5.6.13 started; log sequence number 1713958
2019-03-08 04:29:53 15084 [Note] Server hostname (bind-address): '*'; port: 3307
2019-03-08 04:29:53 15084 [Note] IPv6 is available.
2019-03-08 04:29:53 15084 [Note]   - '::' resolves to '::';
2019-03-08 04:29:53 15084 [Note] Server socket created on IP: '::'.
