2019-02-25 12:41:31 3908 [Note] Plugin 'FEDERATED' is disabled.
2019-02-25 12:41:31 3908 [Note] InnoDB: The InnoDB memory heap is disabled
2019-02-25 12:41:31 3908 [Note] InnoDB: Mutexes and rw_locks use Windows interlocked functions
2019-02-25 12:41:31 3908 [Note] InnoDB: Compressed tables use zlib 1.2.3
2019-02-25 12:41:31 3908 [Note] InnoDB: Not using CPU crc32 instructions
2019-02-25 12:41:31 3908 [Note] InnoDB: Initializing buffer pool, size = 128.0M
2019-02-25 12:41:31 3908 [Note] InnoDB: Completed initialization of buffer pool
2019-02-25 12:41:31 3908 [Note] InnoDB: Setting log file C:\Users\hp_pc\Desktop\Sergio Zulueta\PROGRAMACION\Programacion\USBWebserver v8.6\mysql\data\ib_logfile101 size to 5 MB
2019-02-25 12:41:32 3908 [Note] InnoDB: Setting log file C:\Users\hp_pc\Desktop\Sergio Zulueta\PROGRAMACION\Programacion\USBWebserver v8.6\mysql\data\ib_logfile1 size to 5 MB
2019-02-25 12:41:32 3908 [Note] InnoDB: Renaming log file C:\Users\hp_pc\Desktop\Sergio Zulueta\PROGRAMACION\Programacion\USBWebserver v8.6\mysql\data\ib_logfile101 to C:\Users\hp_pc\Desktop\Sergio Zulueta\PROGRAMACION\Programacion\USBWebserver v8.6\mysql\data\ib_logfile0
2019-02-25 12:41:32 3908 [Warning] InnoDB: New log files created, LSN=1626134
2019-02-25 12:41:32 3908 [Note] InnoDB: Highest supported file format is Barracuda.
2019-02-25 12:41:33 3908 [Note] InnoDB: 128 rollback segment(s) are active.
2019-02-25 12:41:33 3908 [Note] InnoDB: Waiting for purge to start
2019-02-25 12:41:33 3908 [Note] InnoDB: 5.6.13 started; log sequence number 1626636
2019-02-25 12:41:33 3908 [Warning] No existing UUID has been found, so we assume that this is the first time that this server has been started. Generating a new UUID: 4ce319aa-38f2-11e9-9632-6431507f00ac.
2019-02-25 12:41:33 3908 [Note] Server hostname (bind-address): '*'; port: 3307
2019-02-25 12:41:33 3908 [Note] IPv6 is available.
2019-02-25 12:41:33 3908 [Note]   - '::' resolves to '::';
2019-02-25 12:41:33 3908 [Note] Server socket created on IP: '::'.
2019-02-26 09:21:53 7364 [Note] Plugin 'FEDERATED' is disabled.
2019-02-26 09:21:53 7364 [Note] InnoDB: The InnoDB memory heap is disabled
2019-02-26 09:21:53 7364 [Note] InnoDB: Mutexes and rw_locks use Windows interlocked functions
2019-02-26 09:21:53 7364 [Note] InnoDB: Compressed tables use zlib 1.2.3
2019-02-26 09:21:53 7364 [Note] InnoDB: Not using CPU crc32 instructions
2019-02-26 09:21:53 7364 [Note] InnoDB: Initializing buffer pool, size = 128.0M
2019-02-26 09:21:53 7364 [Note] InnoDB: Completed initialization of buffer pool
2019-02-26 09:21:53 7364 [Note] InnoDB: Highest supported file format is Barracuda.
2019-02-26 09:21:53 7364 [Note] InnoDB: The log sequence numbers 1626134 and 1626134 in ibdata files do not match the log sequence number 1639066 in the ib_logfiles!
2019-02-26 09:21:53 7364 [Note] InnoDB: Database was not shutdown normally!
2019-02-26 09:21:53 7364 [Note] InnoDB: Starting crash recovery.
2019-02-26 09:21:53 7364 [Note] InnoDB: Reading tablespace information from the .ibd files...
2019-02-26 09:21:53 7364 [Note] InnoDB: Restoring possible half-written data pages 
2019-02-26 09:21:53 7364 [Note] InnoDB: from the doublewrite buffer...
2019-02-26 09:21:54 7364 [Note] InnoDB: 128 rollback segment(s) are active.
2019-02-26 09:21:54 7364 [Note] InnoDB: Waiting for purge to start
2019-02-26 09:21:54 7364 [Note] InnoDB: 5.6.13 started; log sequence number 1639066
2019-02-26 09:21:55 7364 [Note] Server hostname (bind-address): '*'; port: 3307
2019-02-26 09:21:55 7364 [Note] IPv6 is available.
2019-02-26 09:21:55 7364 [Note]   - '::' resolves to '::';
2019-02-26 09:21:55 7364 [Note] Server socket created on IP: '::'.
2019-03-01 11:45:16 8112 [Note] Plugin 'FEDERATED' is disabled.
2019-03-01 11:45:16 8112 [Note] InnoDB: The InnoDB memory heap is disabled
2019-03-01 11:45:16 8112 [Note] InnoDB: Mutexes and rw_locks use Windows interlocked functions
2019-03-01 11:45:16 8112 [Note] InnoDB: Compressed tables use zlib 1.2.3
2019-03-01 11:45:16 8112 [Note] InnoDB: Not using CPU crc32 instructions
2019-03-01 11:45:16 8112 [Note] InnoDB: Initializing buffer pool, size = 128.0M
2019-03-01 11:45:16 8112 [Note] InnoDB: Completed initialization of buffer pool
2019-03-01 11:45:16 8112 [Note] InnoDB: Highest supported file format is Barracuda.
2019-03-01 11:45:17 8112 [Note] InnoDB: The log sequence numbers 1626134 and 1626134 in ibdata files do not match the log sequence number 1639076 in the ib_logfiles!
2019-03-01 11:45:17 8112 [Note] InnoDB: Database was not shutdown normally!
2019-03-01 11:45:17 8112 [Note] InnoDB: Starting crash recovery.
2019-03-01 11:45:17 8112 [Note] InnoDB: Reading tablespace information from the .ibd files...
2019-03-01 11:45:18 8112 [Note] InnoDB: Restoring possible half-written data pages 
2019-03-01 11:45:18 8112 [Note] InnoDB: from the doublewrite buffer...
2019-03-01 11:45:19 8112 [Note] InnoDB: 128 rollback segment(s) are active.
2019-03-01 11:45:19 8112 [Note] InnoDB: Waiting for purge to start
2019-03-01 11:45:19 8112 [Note] InnoDB: 5.6.13 started; log sequence number 1639076
2019-03-01 11:45:19 8112 [Note] Server hostname (bind-address): '*'; port: 3307
2019-03-01 11:45:19 8112 [Note] IPv6 is available.
2019-03-01 11:45:19 8112 [Note]   - '::' resolves to '::';
2019-03-01 11:45:19 8112 [Note] Server socket created on IP: '::'.
2019-03-01 13:39:28 10612 [Note] Plugin 'FEDERATED' is disabled.
2019-03-01 13:39:28 10612 [Note] InnoDB: The InnoDB memory heap is disabled
2019-03-01 13:39:28 10612 [Note] InnoDB: Mutexes and rw_locks use Windows interlocked functions
2019-03-01 13:39:28 10612 [Note] InnoDB: Compressed tables use zlib 1.2.3
2019-03-01 13:39:28 10612 [Note] InnoDB: Not using CPU crc32 instructions
2019-03-01 13:39:28 10612 [Note] InnoDB: Initializing buffer pool, size = 128.0M
2019-03-01 13:39:28 10612 [Note] InnoDB: Completed initialization of buffer pool
2019-03-01 13:39:29 10612 [Note] InnoDB: Highest supported file format is Barracuda.
2019-03-01 13:39:29 10612 [Note] InnoDB: The log sequence numbers 1626134 and 1626134 in ibdata files do not match the log sequence number 1639086 in the ib_logfiles!
2019-03-01 13:39:29 10612 [Note] InnoDB: Database was not shutdown normally!
2019-03-01 13:39:29 10612 [Note] InnoDB: Starting crash recovery.
2019-03-01 13:39:29 10612 [Note] InnoDB: Reading tablespace information from the .ibd files...
2019-03-01 13:39:29 10612 [Note] InnoDB: Restoring possible half-written data pages 
2019-03-01 13:39:29 10612 [Note] InnoDB: from the doublewrite buffer...
2019-03-01 13:39:29 10612 [Note] InnoDB: 128 rollback segment(s) are active.
2019-03-01 13:39:29 10612 [Note] InnoDB: Waiting for purge to start
2019-03-01 13:39:29 10612 [Note] InnoDB: 5.6.13 started; log sequence number 1639086
2019-03-01 13:39:29 10612 [Note] Server hostname (bind-address): '*'; port: 3307
2019-03-01 13:39:29 10612 [Note] IPv6 is available.
2019-03-01 13:39:29 10612 [Note]   - '::' resolves to '::';
2019-03-01 13:39:29 10612 [Note] Server socket created on IP: '::'.
2019-03-04 13:06:08 9740 [Note] Plugin 'FEDERATED' is disabled.
2019-03-04 13:06:08 9740 [Note] InnoDB: The InnoDB memory heap is disabled
2019-03-04 13:06:08 9740 [Note] InnoDB: Mutexes and rw_locks use Windows interlocked functions
2019-03-04 13:06:08 9740 [Note] InnoDB: Compressed tables use zlib 1.2.3
2019-03-04 13:06:08 9740 [Note] InnoDB: Not using CPU crc32 instructions
2019-03-04 13:06:08 9740 [Note] InnoDB: Initializing buffer pool, size = 128.0M
2019-03-04 13:06:08 9740 [Note] InnoDB: Completed initialization of buffer pool
2019-03-04 13:06:08 9740 [Note] InnoDB: Highest supported file format is Barracuda.
2019-03-04 13:06:08 9740 [Note] InnoDB: The log sequence numbers 1626134 and 1626134 in ibdata files do not match the log sequence number 1639096 in the ib_logfiles!
2019-03-04 13:06:08 9740 [Note] InnoDB: Database was not shutdown normally!
2019-03-04 13:06:08 9740 [Note] InnoDB: Starting crash recovery.
2019-03-04 13:06:08 9740 [Note] InnoDB: Reading tablespace information from the .ibd files...
2019-03-04 13:06:09 9740 [Note] InnoDB: Restoring possible half-written data pages 
2019-03-04 13:06:09 9740 [Note] InnoDB: from the doublewrite buffer...
2019-03-04 13:06:09 9740 [Note] InnoDB: 128 rollback segment(s) are active.
2019-03-04 13:06:09 9740 [Note] InnoDB: Waiting for purge to start
2019-03-04 13:06:09 9740 [Note] InnoDB: 5.6.13 started; log sequence number 1639096
2019-03-04 13:06:09 9740 [Note] Server hostname (bind-address): '*'; port: 3307
2019-03-04 13:06:09 9740 [Note] IPv6 is available.
2019-03-04 13:06:09 9740 [Note]   - '::' resolves to '::';
2019-03-04 13:06:09 9740 [Note] Server socket created on IP: '::'.
2019-03-05 09:26:02 7900 [Note] Plugin 'FEDERATED' is disabled.
2019-03-05 09:26:02 7900 [Note] InnoDB: The InnoDB memory heap is disabled
2019-03-05 09:26:02 7900 [Note] InnoDB: Mutexes and rw_locks use Windows interlocked functions
2019-03-05 09:26:02 7900 [Note] InnoDB: Compressed tables use zlib 1.2.3
2019-03-05 09:26:02 7900 [Note] InnoDB: Not using CPU crc32 instructions
2019-03-05 09:26:02 7900 [Note] InnoDB: Initializing buffer pool, size = 128.0M
2019-03-05 09:26:02 7900 [Note] InnoDB: Completed initialization of buffer pool
2019-03-05 09:26:02 7900 [Note] InnoDB: Highest supported file format is Barracuda.
2019-03-05 09:26:02 7900 [Note] InnoDB: The log sequence numbers 1626134 and 1626134 in ibdata files do not match the log sequence number 1643695 in the ib_logfiles!
2019-03-05 09:26:02 7900 [Note] InnoDB: Database was not shutdown normally!
2019-03-05 09:26:02 7900 [Note] InnoDB: Starting crash recovery.
2019-03-05 09:26:02 7900 [Note] InnoDB: Reading tablespace information from the .ibd files...
2019-03-05 09:26:02 7900 [Note] InnoDB: Restoring possible half-written data pages 
2019-03-05 09:26:02 7900 [Note] InnoDB: from the doublewrite buffer...
2019-03-05 09:26:03 7900 [Note] InnoDB: 128 rollback segment(s) are active.
2019-03-05 09:26:03 7900 [Note] InnoDB: Waiting for purge to start
2019-03-05 09:26:03 7900 [Note] InnoDB: 5.6.13 started; log sequence number 1643695
2019-03-05 09:26:03 7900 [Note] Server hostname (bind-address): '*'; port: 3307
2019-03-05 09:26:03 7900 [Note] IPv6 is available.
2019-03-05 09:26:03 7900 [Note]   - '::' resolves to '::';
2019-03-05 09:26:03 7900 [Note] Server socket created on IP: '::'.
2019-03-11 12:44:22 6088 [Note] Plugin 'FEDERATED' is disabled.
2019-03-11 12:44:22 6088 [Note] InnoDB: The InnoDB memory heap is disabled
2019-03-11 12:44:22 6088 [Note] InnoDB: Mutexes and rw_locks use Windows interlocked functions
2019-03-11 12:44:22 6088 [Note] InnoDB: Compressed tables use zlib 1.2.3
2019-03-11 12:44:22 6088 [Note] InnoDB: Not using CPU crc32 instructions
2019-03-11 12:44:22 6088 [Note] InnoDB: Initializing buffer pool, size = 128.0M
2019-03-11 12:44:22 6088 [Note] InnoDB: Completed initialization of buffer pool
2019-03-11 12:44:22 6088 [Note] InnoDB: Highest supported file format is Barracuda.
2019-03-11 12:44:22 6088 [Note] InnoDB: The log sequence numbers 1626134 and 1626134 in ibdata files do not match the log sequence number 1713968 in the ib_logfiles!
2019-03-11 12:44:22 6088 [Note] InnoDB: Database was not shutdown normally!
2019-03-11 12:44:22 6088 [Note] InnoDB: Starting crash recovery.
2019-03-11 12:44:22 6088 [Note] InnoDB: Reading tablespace information from the .ibd files...
2019-03-11 12:44:22 6088 [Note] InnoDB: Restoring possible half-written data pages 
2019-03-11 12:44:22 6088 [Note] InnoDB: from the doublewrite buffer...
2019-03-11 12:44:23 6088 [Note] InnoDB: 128 rollback segment(s) are active.
2019-03-11 12:44:23 6088 [Note] InnoDB: Waiting for purge to start
2019-03-11 12:44:23 6088 [Note] InnoDB: 5.6.13 started; log sequence number 1713968
2019-03-11 12:44:23 6088 [Note] Server hostname (bind-address): '*'; port: 3307
2019-03-11 12:44:23 6088 [Note] IPv6 is available.
2019-03-11 12:44:23 6088 [Note]   - '::' resolves to '::';
2019-03-11 12:44:23 6088 [Note] Server socket created on IP: '::'.
